<?xml version="1.0" encoding="UTF-8"?>
<!-- Generated by org.testng.reporters.JUnitReportReporter -->
<testsuite hostname="DESKTOP-23TDLJK" name="testcases.TC_001_PayPal" tests="1" failures="0" timestamp="27 May 2018 10:10:28 GMT" time="49.189" errors="0">
  <testcase name="payPal" time="49.189" classname="testcases.TC_001_PayPal"/>
</testsuite> <!-- testcases.TC_001_PayPal -->
